 Program EDDYBL input data:
 __________________________

 IUTYPE    =    0
 MODEL     =    0
 NVISC     =    0
 ALPHA     =  5.200000E-01
 BETA      =  7.080000E-02
 BETAS     =  9.000000E-02
 SIGMA     =  5.000000E-01
 SIGMAS    =  6.000000E-01
 PRT       =  8.900000E-01
 CEPS1     =  1.440000E+00
 CEPS2     =  1.920000E+00
 CMU       =  9.000000E-02
 SIGMAE    =  1.300000E+00
 SIGMAK    =  1.000000E+00
 PSIEPS    =  1.250000E-01
 ALPHAH    =  7.751196E-01
 BETAH     =  2.009569E-01
 GAMMAH    =  5.014354E-01
 CC1       =  1.800000E+00
 XIS       =  0.000000E+00
 XMT0      =  2.500000E-01
 CONE      =  0.000000E+00
 DS        =  2.000000E-02
 G         =  1.400000E+00
 PR        =  7.200000E-01
 PT1       =  2.139840E+03
 R         =  1.716000E+03
 REK       =  1.000000E+00
 RMI0      =  1.000000E+00
 SGN       =  1.000000E+00
 SSTOP     =  1.115500E+01
 SU        =  1.986000E+02
 TT1       =  5.370200E+02
 USTOP     =  2.500000E+00
 VISCON    =  2.270000E-08
 VISPOW    =  1.500000E+00
 WAVE      =  0.000000E+00
 XK        =  1.080000E+00
 XMA       =  7.600000E-02
 ZIOTAE    =  1.000000E-06
 ZIOTAL    =  1.000000E-02
 IBODY     =    2
 IBOUND    =    1
 IEDGE     =  101
 IEND1     = 1000
 ISHORT    =    0
 J         =    0
 KEBC      =    0
 KODWAL    =    2
 MSTART    =    2
 NFLAG     =    1
 NUMBER    =   21
 PROVAL(1) =  1.000000E+10
 PROVAL(2) =  1.000000E+10
 PROVAL(3) =  1.000000E+10
 PROVAL(4) =  1.000000E+10
 PROVAL(5) =  1.000000E+10
 PROVAL(6) =  1.000000E+10
 PROVAL(7) =  1.000000E+10
 PROVAL(8) =  1.000000E+10
 PROVAL(9) =  1.000000E+10
 PROVAL(10)=  1.000000E+10
 ALAMM     =  1.000000E+00
 CF        =  2.700000E-03
 DELTA     =  9.800004E-02
 H         =  1.400000E+00
 R2D       =  1.000000E+00
 RETHET    =  5.600000E+03
 SI        =  3.392000E+00
 __________________________


  COMPUTATION INITIATED AT MSTART =   2
 m =   2: s = 3.41E+00 Res = 1.76E+06 Re0 = 5.62E+03 Cf = 2.89E-03 H = 1.40E+00
 m =   3: s = 3.43E+00 Res = 1.77E+06 Re0 = 5.64E+03 Cf = 2.78E-03 H = 1.40E+00
 m =   4: s = 3.45E+00 Res = 1.78E+06 Re0 = 5.66E+03 Cf = 2.71E-03 H = 1.40E+00
 m =   5: s = 3.46E+00 Res = 1.78E+06 Re0 = 5.67E+03 Cf = 2.71E-03 H = 1.40E+00
 m =   6: s = 3.47E+00 Res = 1.79E+06 Re0 = 5.68E+03 Cf = 2.71E-03 H = 1.40E+00
 m =   7: s = 3.49E+00 Res = 1.80E+06 Re0 = 5.69E+03 Cf = 2.72E-03 H = 1.40E+00
 m =   8: s = 3.50E+00 Res = 1.80E+06 Re0 = 5.70E+03 Cf = 2.72E-03 H = 1.40E+00
 m =   9: s = 3.51E+00 Res = 1.81E+06 Re0 = 5.71E+03 Cf = 2.72E-03 H = 1.40E+00
 m =  10: s = 3.52E+00 Res = 1.81E+06 Re0 = 5.72E+03 Cf = 2.72E-03 H = 1.40E+00
 m =  11: s = 3.53E+00 Res = 1.82E+06 Re0 = 5.73E+03 Cf = 2.73E-03 H = 1.40E+00
 m =  12: s = 3.55E+00 Res = 1.83E+06 Re0 = 5.75E+03 Cf = 2.73E-03 H = 1.40E+00
 m =  13: s = 3.56E+00 Res = 1.83E+06 Re0 = 5.76E+03 Cf = 2.73E-03 H = 1.40E+00
 m =  14: s = 3.58E+00 Res = 1.84E+06 Re0 = 5.77E+03 Cf = 2.73E-03 H = 1.40E+00
 m =  15: s = 3.59E+00 Res = 1.85E+06 Re0 = 5.79E+03 Cf = 2.73E-03 H = 1.40E+00
 m =  16: s = 3.61E+00 Res = 1.86E+06 Re0 = 5.80E+03 Cf = 2.73E-03 H = 1.40E+00
 m =  17: s = 3.62E+00 Res = 1.86E+06 Re0 = 5.81E+03 Cf = 2.73E-03 H = 1.40E+00
 m =  18: s = 3.64E+00 Res = 1.87E+06 Re0 = 5.82E+03 Cf = 2.73E-03 H = 1.40E+00
 m =  19: s = 3.65E+00 Res = 1.88E+06 Re0 = 5.84E+03 Cf = 2.73E-03 H = 1.40E+00
 m =  20: s = 3.67E+00 Res = 1.88E+06 Re0 = 5.85E+03 Cf = 2.74E-03 H = 1.40E+00
 m =  21: s = 3.68E+00 Res = 1.89E+06 Re0 = 5.87E+03 Cf = 2.74E-03 H = 1.40E+00
 m =  22: s = 3.70E+00 Res = 1.90E+06 Re0 = 5.88E+03 Cf = 2.74E-03 H = 1.40E+00
 m =  23: s = 3.72E+00 Res = 1.91E+06 Re0 = 5.90E+03 Cf = 2.74E-03 H = 1.39E+00
 m =  24: s = 3.74E+00 Res = 1.92E+06 Re0 = 5.92E+03 Cf = 2.74E-03 H = 1.39E+00
 m =  25: s = 3.76E+00 Res = 1.93E+06 Re0 = 5.94E+03 Cf = 2.74E-03 H = 1.39E+00
 m =  26: s = 3.78E+00 Res = 1.94E+06 Re0 = 5.96E+03 Cf = 2.73E-03 H = 1.39E+00
 m =  27: s = 3.81E+00 Res = 1.95E+06 Re0 = 5.98E+03 Cf = 2.73E-03 H = 1.39E+00
 m =  28: s = 3.83E+00 Res = 1.97E+06 Re0 = 6.00E+03 Cf = 2.73E-03 H = 1.39E+00
 m =  29: s = 3.86E+00 Res = 1.98E+06 Re0 = 6.03E+03 Cf = 2.73E-03 H = 1.39E+00
 m =  30: s = 3.89E+00 Res = 1.99E+06 Re0 = 6.05E+03 Cf = 2.73E-03 H = 1.39E+00
 m =  31: s = 3.92E+00 Res = 2.01E+06 Re0 = 6.08E+03 Cf = 2.72E-03 H = 1.39E+00
 m =  32: s = 3.95E+00 Res = 2.02E+06 Re0 = 6.11E+03 Cf = 2.72E-03 H = 1.39E+00
 m =  33: s = 3.98E+00 Res = 2.04E+06 Re0 = 6.14E+03 Cf = 2.72E-03 H = 1.39E+00
 m =  34: s = 4.02E+00 Res = 2.06E+06 Re0 = 6.17E+03 Cf = 2.71E-03 H = 1.39E+00
 m =  35: s = 4.06E+00 Res = 2.07E+06 Re0 = 6.21E+03 Cf = 2.71E-03 H = 1.39E+00
 m =  36: s = 4.10E+00 Res = 2.09E+06 Re0 = 6.24E+03 Cf = 2.70E-03 H = 1.39E+00
 m =  37: s = 4.14E+00 Res = 2.11E+06 Re0 = 6.28E+03 Cf = 2.69E-03 H = 1.39E+00
 m =  38: s = 4.19E+00 Res = 2.14E+06 Re0 = 6.33E+03 Cf = 2.69E-03 H = 1.39E+00
 m =  39: s = 4.23E+00 Res = 2.16E+06 Re0 = 6.37E+03 Cf = 2.68E-03 H = 1.39E+00
 m =  40: s = 4.29E+00 Res = 2.18E+06 Re0 = 6.42E+03 Cf = 2.67E-03 H = 1.39E+00
 m =  41: s = 4.34E+00 Res = 2.21E+06 Re0 = 6.47E+03 Cf = 2.66E-03 H = 1.39E+00
 m =  42: s = 4.40E+00 Res = 2.24E+06 Re0 = 6.52E+03 Cf = 2.65E-03 H = 1.39E+00
 m =  43: s = 4.46E+00 Res = 2.26E+06 Re0 = 6.58E+03 Cf = 2.65E-03 H = 1.39E+00
 m =  44: s = 4.52E+00 Res = 2.29E+06 Re0 = 6.64E+03 Cf = 2.64E-03 H = 1.39E+00
 m =  45: s = 4.59E+00 Res = 2.33E+06 Re0 = 6.70E+03 Cf = 2.63E-03 H = 1.39E+00
 m =  46: s = 4.66E+00 Res = 2.36E+06 Re0 = 6.77E+03 Cf = 2.62E-03 H = 1.39E+00
 m =  47: s = 4.74E+00 Res = 2.40E+06 Re0 = 6.84E+03 Cf = 2.61E-03 H = 1.39E+00
 m =  48: s = 4.82E+00 Res = 2.43E+06 Re0 = 6.92E+03 Cf = 2.60E-03 H = 1.39E+00
 m =  49: s = 4.91E+00 Res = 2.47E+06 Re0 = 7.00E+03 Cf = 2.59E-03 H = 1.39E+00
 m =  50: s = 4.98E+00 Res = 2.51E+06 Re0 = 7.07E+03 Cf = 2.57E-03 H = 1.39E+00
 m =  51: s = 5.05E+00 Res = 2.54E+06 Re0 = 7.14E+03 Cf = 2.57E-03 H = 1.39E+00
 m =  52: s = 5.11E+00 Res = 2.57E+06 Re0 = 7.20E+03 Cf = 2.56E-03 H = 1.39E+00
 m =  53: s = 5.18E+00 Res = 2.60E+06 Re0 = 7.26E+03 Cf = 2.55E-03 H = 1.39E+00
 m =  54: s = 5.25E+00 Res = 2.63E+06 Re0 = 7.33E+03 Cf = 2.54E-03 H = 1.39E+00
 m =  55: s = 5.33E+00 Res = 2.67E+06 Re0 = 7.40E+03 Cf = 2.54E-03 H = 1.39E+00
 m =  56: s = 5.41E+00 Res = 2.70E+06 Re0 = 7.48E+03 Cf = 2.53E-03 H = 1.39E+00
 m =  57: s = 5.49E+00 Res = 2.74E+06 Re0 = 7.56E+03 Cf = 2.52E-03 H = 1.39E+00
 m =  58: s = 5.58E+00 Res = 2.78E+06 Re0 = 7.64E+03 Cf = 2.51E-03 H = 1.39E+00
 m =  59: s = 5.67E+00 Res = 2.82E+06 Re0 = 7.74E+03 Cf = 2.50E-03 H = 1.39E+00
 m =  60: s = 5.77E+00 Res = 2.86E+06 Re0 = 7.83E+03 Cf = 2.49E-03 H = 1.39E+00
 m =  61: s = 5.88E+00 Res = 2.91E+06 Re0 = 7.94E+03 Cf = 2.48E-03 H = 1.39E+00
 m =  62: s = 5.98E+00 Res = 2.96E+06 Re0 = 8.04E+03 Cf = 2.47E-03 H = 1.39E+00
 m =  63: s = 6.10E+00 Res = 3.01E+06 Re0 = 8.16E+03 Cf = 2.46E-03 H = 1.39E+00
 m =  64: s = 6.21E+00 Res = 3.06E+06 Re0 = 8.28E+03 Cf = 2.45E-03 H = 1.39E+00
 m =  65: s = 6.34E+00 Res = 3.11E+06 Re0 = 8.40E+03 Cf = 2.44E-03 H = 1.39E+00
 m =  66: s = 6.46E+00 Res = 3.16E+06 Re0 = 8.53E+03 Cf = 2.43E-03 H = 1.39E+00
 m =  67: s = 6.59E+00 Res = 3.21E+06 Re0 = 8.67E+03 Cf = 2.42E-03 H = 1.39E+00
 m =  68: s = 6.72E+00 Res = 3.27E+06 Re0 = 8.81E+03 Cf = 2.41E-03 H = 1.39E+00
 m =  69: s = 6.86E+00 Res = 3.32E+06 Re0 = 8.97E+03 Cf = 2.39E-03 H = 1.39E+00
 m =  70: s = 7.00E+00 Res = 3.38E+06 Re0 = 9.12E+03 Cf = 2.38E-03 H = 1.39E+00
 m =  71: s = 7.12E+00 Res = 3.43E+06 Re0 = 9.27E+03 Cf = 2.36E-03 H = 1.39E+00
 m =  72: s = 7.24E+00 Res = 3.47E+06 Re0 = 9.41E+03 Cf = 2.35E-03 H = 1.39E+00
 m =  73: s = 7.35E+00 Res = 3.51E+06 Re0 = 9.55E+03 Cf = 2.34E-03 H = 1.39E+00
 m =  74: s = 7.48E+00 Res = 3.56E+06 Re0 = 9.71E+03 Cf = 2.32E-03 H = 1.39E+00
 m =  75: s = 7.62E+00 Res = 3.61E+06 Re0 = 9.89E+03 Cf = 2.30E-03 H = 1.39E+00
 m =  76: s = 7.75E+00 Res = 3.66E+06 Re0 = 1.01E+04 Cf = 2.28E-03 H = 1.39E+00
 m =  77: s = 7.89E+00 Res = 3.70E+06 Re0 = 1.03E+04 Cf = 2.26E-03 H = 1.39E+00
 m =  78: s = 8.04E+00 Res = 3.75E+06 Re0 = 1.05E+04 Cf = 2.24E-03 H = 1.40E+00
 m =  79: s = 8.19E+00 Res = 3.80E+06 Re0 = 1.07E+04 Cf = 2.21E-03 H = 1.40E+00
 m =  80: s = 8.34E+00 Res = 3.84E+06 Re0 = 1.10E+04 Cf = 2.18E-03 H = 1.40E+00
 m =  81: s = 8.50E+00 Res = 3.89E+06 Re0 = 1.13E+04 Cf = 2.14E-03 H = 1.41E+00
 m =  82: s = 8.65E+00 Res = 3.93E+06 Re0 = 1.15E+04 Cf = 2.10E-03 H = 1.41E+00
 m =  83: s = 8.80E+00 Res = 3.97E+06 Re0 = 1.18E+04 Cf = 2.07E-03 H = 1.41E+00
 m =  84: s = 8.95E+00 Res = 4.00E+06 Re0 = 1.21E+04 Cf = 2.02E-03 H = 1.42E+00
 m =  85: s = 9.10E+00 Res = 4.03E+06 Re0 = 1.25E+04 Cf = 1.98E-03 H = 1.43E+00
 m =  86: s = 9.25E+00 Res = 4.06E+06 Re0 = 1.28E+04 Cf = 1.94E-03 H = 1.43E+00
 m =  87: s = 9.39E+00 Res = 4.08E+06 Re0 = 1.31E+04 Cf = 1.89E-03 H = 1.44E+00
 m =  88: s = 9.53E+00 Res = 4.11E+06 Re0 = 1.35E+04 Cf = 1.84E-03 H = 1.45E+00
 m =  89: s = 9.66E+00 Res = 4.13E+06 Re0 = 1.39E+04 Cf = 1.79E-03 H = 1.46E+00
 m =  90: s = 9.79E+00 Res = 4.14E+06 Re0 = 1.42E+04 Cf = 1.75E-03 H = 1.46E+00
 m =  91: s = 9.90E+00 Res = 4.16E+06 Re0 = 1.45E+04 Cf = 1.71E-03 H = 1.47E+00
 m =  92: s = 1.00E+01 Res = 4.17E+06 Re0 = 1.49E+04 Cf = 1.67E-03 H = 1.48E+00
 m =  93: s = 1.01E+01 Res = 4.18E+06 Re0 = 1.52E+04 Cf = 1.63E-03 H = 1.49E+00
 m =  94: s = 1.03E+01 Res = 4.20E+06 Re0 = 1.56E+04 Cf = 1.58E-03 H = 1.50E+00
 m =  95: s = 1.04E+01 Res = 4.21E+06 Re0 = 1.61E+04 Cf = 1.54E-03 H = 1.51E+00
 m =  96: s = 1.05E+01 Res = 4.22E+06 Re0 = 1.65E+04 Cf = 1.49E-03 H = 1.52E+00
 m =  97: s = 1.07E+01 Res = 4.24E+06 Re0 = 1.69E+04 Cf = 1.45E-03 H = 1.53E+00
 m =  98: s = 1.08E+01 Res = 4.25E+06 Re0 = 1.74E+04 Cf = 1.41E-03 H = 1.55E+00
 m =  99: s = 1.09E+01 Res = 4.26E+06 Re0 = 1.78E+04 Cf = 1.37E-03 H = 1.56E+00
 m = 100: s = 1.10E+01 Res = 4.28E+06 Re0 = 1.82E+04 Cf = 1.34E-03 H = 1.57E+00
 m = 101: s = 1.12E+01 Res = 4.29E+06 Re0 = 1.86E+04 Cf = 1.31E-03 H = 1.58E+00


 x  =    1.1155E+01  Profile

     i   y/delta     u/Ue       yplus      uplus     k/Ue**2     omega     eps/mu     L/delta    uv/tauw     T/Te
     1  0.000E+00  0.000E+00  0.000E+00  0.000E+00  0.000E+00  7.369E+04  0.000E+00  0.000E+00  0.000E+00  1.002E+00
     2  2.859E-05  2.386E-03  9.313E-02  9.317E-02  9.194E-10  6.266E+00  1.461E-10  6.918E-11  1.463E-10  1.002E+00
     3  5.947E-05  4.966E-03  1.937E-01  1.939E-01  9.649E-09  1.462E+00  6.572E-09  9.603E-10  6.585E-09  1.002E+00
     4  9.281E-05  7.755E-03  3.023E-01  3.028E-01  4.118E-08  6.022E-01  6.810E-08  4.817E-09  6.831E-08  1.002E+00
     5  1.288E-04  1.077E-02  4.196E-01  4.205E-01  1.205E-07  3.131E-01  3.834E-07  1.585E-08  3.851E-07  1.002E+00
     6  1.677E-04  1.403E-02  5.463E-01  5.479E-01  2.866E-07  1.849E-01  1.544E-06  4.140E-08  1.553E-06  1.002E+00
     7  2.097E-04  1.756E-02  6.832E-01  6.856E-01  5.978E-07  1.183E-01  5.032E-06  9.342E-08  5.067E-06  1.002E+00
     8  2.551E-04  2.137E-02  8.310E-01  8.345E-01  1.139E-06  8.000E-02  1.417E-05  1.907E-07  1.429E-05  1.002E+00
     9  3.041E-04  2.550E-02  9.906E-01  9.956E-01  2.031E-06  5.632E-02  3.591E-05  3.617E-07  3.627E-05  1.002E+00
    10  3.570E-04  2.996E-02  1.163E+00  1.170E+00  3.445E-06  4.087E-02  8.393E-05  6.492E-07  8.492E-05  1.002E+00
    11  4.142E-04  3.479E-02  1.349E+00  1.358E+00  5.617E-06  3.038E-02  1.842E-04  1.115E-06  1.867E-04  1.002E+00
    12  4.759E-04  4.001E-02  1.550E+00  1.562E+00  8.874E-06  2.301E-02  3.841E-04  1.851E-06  3.899E-04  1.002E+00
    13  5.425E-04  4.566E-02  1.767E+00  1.783E+00  1.366E-05  1.771E-02  7.681E-04  2.984E-06  7.813E-04  1.002E+00
    14  6.145E-04  5.178E-02  2.002E+00  2.022E+00  2.056E-05  1.380E-02  1.483E-03  4.696E-06  1.511E-03  1.002E+00
    15  6.923E-04  5.839E-02  2.255E+00  2.280E+00  3.036E-05  1.095E-02  2.760E-03  7.190E-06  2.814E-03  1.002E+00
    16  7.763E-04  6.554E-02  2.529E+00  2.559E+00  4.409E-05  8.792E-03  4.994E-03  1.080E-05  5.095E-03  1.002E+00
    17  8.669E-04  7.325E-02  2.824E+00  2.860E+00  6.308E-05  7.132E-03  8.808E-03  1.592E-05  8.976E-03  1.002E+00
    18  9.649E-04  8.157E-02  3.143E+00  3.185E+00  8.897E-05  5.846E-03  1.516E-02  2.307E-05  1.539E-02  1.002E+00
    19  1.071E-03  9.051E-02  3.488E+00  3.534E+00  1.237E-04  4.843E-03  2.545E-02  3.284E-05  2.566E-02  1.002E+00
    20  1.185E-03  1.001E-01  3.860E+00  3.908E+00  1.696E-04  4.054E-03  4.166E-02  4.592E-05  4.148E-02  1.002E+00
    21  1.308E-03  1.102E-01  4.262E+00  4.305E+00  2.287E-04  3.430E-03  6.640E-02  6.303E-05  6.481E-02  1.002E+00
    22  1.442E-03  1.210E-01  4.696E+00  4.723E+00  3.029E-04  2.931E-03  1.029E-01  8.489E-05  9.749E-02  1.002E+00
    23  1.585E-03  1.321E-01  5.165E+00  5.159E+00  3.932E-04  2.528E-03  1.549E-01  1.121E-04  1.407E-01  1.002E+00
    24  1.741E-03  1.436E-01  5.671E+00  5.607E+00  4.993E-04  2.197E-03  2.263E-01  1.454E-04  1.945E-01  1.002E+00
    25  1.909E-03  1.552E-01  6.218E+00  6.062E+00  6.191E-04  1.922E-03  3.207E-01  1.850E-04  2.574E-01  1.002E+00
    26  2.090E-03  1.669E-01  6.808E+00  6.517E+00  7.496E-04  1.690E-03  4.417E-01  2.316E-04  3.267E-01  1.002E+00
    27  2.286E-03  1.784E-01  7.446E+00  6.968E+00  8.865E-04  1.491E-03  5.920E-01  2.854E-04  3.991E-01  1.002E+00
    28  2.497E-03  1.897E-01  8.135E+00  7.408E+00  1.026E-03  1.319E-03  7.744E-01  3.471E-04  4.715E-01  1.002E+00
    29  2.726E-03  2.007E-01  8.879E+00  7.837E+00  1.163E-03  1.169E-03  9.912E-01  4.171E-04  5.416E-01  1.002E+00
    30  2.972E-03  2.113E-01  9.682E+00  8.250E+00  1.297E-03  1.038E-03  1.245E+00  4.962E-04  6.077E-01  1.002E+00
    31  3.239E-03  2.215E-01  1.055E+01  8.649E+00  1.425E-03  9.225E-04  1.538E+00  5.850E-04  6.691E-01  1.002E+00
    32  3.526E-03  2.313E-01  1.149E+01  9.032E+00  1.546E-03  8.213E-04  1.874E+00  6.843E-04  7.255E-01  1.002E+00
    33  3.837E-03  2.407E-01  1.250E+01  9.400E+00  1.660E-03  7.323E-04  2.257E+00  7.952E-04  7.773E-01  1.002E+00
    34  4.173E-03  2.498E-01  1.359E+01  9.754E+00  1.766E-03  6.541E-04  2.689E+00  9.186E-04  8.246E-01  1.002E+00
    35  4.535E-03  2.585E-01  1.477E+01  1.009E+01  1.867E-03  5.852E-04  3.177E+00  1.055E-03  8.681E-01  1.002E+00
    36  4.926E-03  2.669E-01  1.605E+01  1.042E+01  1.961E-03  5.245E-04  3.724E+00  1.207E-03  9.083E-01  1.002E+00
    37  5.349E-03  2.750E-01  1.742E+01  1.074E+01  2.051E-03  4.709E-04  4.337E+00  1.375E-03  9.456E-01  1.002E+00
    38  5.806E-03  2.828E-01  1.891E+01  1.104E+01  2.136E-03  4.236E-04  5.022E+00  1.560E-03  9.805E-01  1.002E+00
    39  6.299E-03  2.904E-01  2.052E+01  1.134E+01  2.218E-03  3.817E-04  5.786E+00  1.764E-03  1.014E+00  1.002E+00
    40  6.831E-03  2.977E-01  2.225E+01  1.163E+01  2.297E-03  3.447E-04  6.636E+00  1.988E-03  1.045E+00  1.002E+00
    41  7.406E-03  3.049E-01  2.413E+01  1.191E+01  2.373E-03  3.118E-04  7.581E+00  2.234E-03  1.075E+00  1.002E+00
    42  8.027E-03  3.118E-01  2.615E+01  1.218E+01  2.449E-03  2.826E-04  8.630E+00  2.503E-03  1.105E+00  1.002E+00
    43  8.698E-03  3.186E-01  2.833E+01  1.244E+01  2.523E-03  2.565E-04  9.793E+00  2.799E-03  1.134E+00  1.002E+00
    44  9.423E-03  3.253E-01  3.069E+01  1.270E+01  2.596E-03  2.334E-04  1.108E+01  3.122E-03  1.162E+00  1.002E+00
    45  1.020E-02  3.318E-01  3.324E+01  1.296E+01  2.670E-03  2.126E-04  1.251E+01  3.474E-03  1.190E+00  1.002E+00
    46  1.105E-02  3.381E-01  3.599E+01  1.320E+01  2.744E-03  1.941E-04  1.408E+01  3.858E-03  1.219E+00  1.002E+00
    47  1.196E-02  3.444E-01  3.897E+01  1.345E+01  2.819E-03  1.775E-04  1.582E+01  4.276E-03  1.248E+00  1.002E+00
    48  1.295E-02  3.506E-01  4.218E+01  1.369E+01  2.895E-03  1.626E-04  1.773E+01  4.730E-03  1.277E+00  1.002E+00
    49  1.401E-02  3.567E-01  4.564E+01  1.393E+01  2.972E-03  1.492E-04  1.984E+01  5.223E-03  1.307E+00  1.002E+00
    50  1.516E-02  3.627E-01  4.939E+01  1.416E+01  3.051E-03  1.371E-04  2.216E+01  5.758E-03  1.338E+00  1.002E+00
    51  1.640E-02  3.687E-01  5.343E+01  1.440E+01  3.132E-03  1.263E-04  2.470E+01  6.336E-03  1.369E+00  1.002E+00
    52  1.774E-02  3.746E-01  5.780E+01  1.463E+01  3.215E-03  1.165E-04  2.749E+01  6.960E-03  1.402E+00  1.002E+00
    53  1.919E-02  3.805E-01  6.252E+01  1.486E+01  3.300E-03  1.076E-04  3.055E+01  7.633E-03  1.436E+00  1.002E+00
    54  2.076E-02  3.864E-01  6.761E+01  1.509E+01  3.387E-03  9.954E-05  3.389E+01  8.358E-03  1.472E+00  1.002E+00
    55  2.245E-02  3.923E-01  7.311E+01  1.532E+01  3.478E-03  9.226E-05  3.754E+01  9.138E-03  1.508E+00  1.002E+00
    56  2.427E-02  3.981E-01  7.906E+01  1.555E+01  3.571E-03  8.564E-05  4.152E+01  9.974E-03  1.547E+00  1.002E+00
    57  2.624E-02  4.040E-01  8.547E+01  1.578E+01  3.667E-03  7.963E-05  4.586E+01  1.087E-02  1.587E+00  1.002E+00
    58  2.837E-02  4.099E-01  9.241E+01  1.601E+01  3.766E-03  7.416E-05  5.057E+01  1.183E-02  1.629E+00  1.002E+00
    59  3.067E-02  4.159E-01  9.989E+01  1.624E+01  3.868E-03  6.918E-05  5.569E+01  1.285E-02  1.673E+00  1.002E+00
    60  3.315E-02  4.219E-01  1.080E+02  1.648E+01  3.973E-03  6.463E-05  6.123E+01  1.394E-02  1.719E+00  1.002E+00
    61  3.583E-02  4.279E-01  1.167E+02  1.671E+01  4.082E-03  6.047E-05  6.723E+01  1.510E-02  1.767E+00  1.002E+00
    62  3.872E-02  4.341E-01  1.261E+02  1.695E+01  4.194E-03  5.667E-05  7.370E+01  1.634E-02  1.817E+00  1.002E+00
    63  4.185E-02  4.403E-01  1.363E+02  1.720E+01  4.309E-03  5.320E-05  8.068E+01  1.764E-02  1.869E+00  1.002E+00
    64  4.523E-02  4.466E-01  1.473E+02  1.744E+01  4.428E-03  5.001E-05  8.818E+01  1.902E-02  1.923E+00  1.002E+00
    65  4.887E-02  4.530E-01  1.592E+02  1.769E+01  4.550E-03  4.708E-05  9.624E+01  2.048E-02  1.980E+00  1.002E+00
    66  5.281E-02  4.596E-01  1.720E+02  1.795E+01  4.675E-03  4.440E-05  1.049E+02  2.202E-02  2.040E+00  1.002E+00
    67  5.706E-02  4.663E-01  1.859E+02  1.821E+01  4.803E-03  4.192E-05  1.141E+02  2.363E-02  2.101E+00  1.002E+00
    68  6.166E-02  4.732E-01  2.008E+02  1.848E+01  4.934E-03  3.965E-05  1.239E+02  2.533E-02  2.165E+00  1.002E+00
    69  6.662E-02  4.802E-01  2.170E+02  1.875E+01  5.068E-03  3.755E-05  1.344E+02  2.710E-02  2.231E+00  1.002E+00
    70  7.198E-02  4.874E-01  2.345E+02  1.904E+01  5.205E-03  3.561E-05  1.456E+02  2.896E-02  2.299E+00  1.002E+00
    71  7.776E-02  4.949E-01  2.533E+02  1.933E+01  5.343E-03  3.382E-05  1.574E+02  3.090E-02  2.370E+00  1.002E+00
    72  8.401E-02  5.025E-01  2.737E+02  1.963E+01  5.484E-03  3.217E-05  1.698E+02  3.291E-02  2.442E+00  1.002E+00
    73  9.076E-02  5.104E-01  2.956E+02  1.993E+01  5.626E-03  3.063E-05  1.830E+02  3.501E-02  2.516E+00  1.002E+00
    74  9.805E-02  5.186E-01  3.194E+02  2.025E+01  5.770E-03  2.921E-05  1.968E+02  3.718E-02  2.592E+00  1.002E+00
    75  1.059E-01  5.271E-01  3.450E+02  2.058E+01  5.913E-03  2.788E-05  2.112E+02  3.942E-02  2.668E+00  1.002E+00
    76  1.144E-01  5.358E-01  3.727E+02  2.093E+01  6.056E-03  2.665E-05  2.263E+02  4.174E-02  2.746E+00  1.002E+00
    77  1.236E-01  5.449E-01  4.026E+02  2.128E+01  6.199E-03  2.550E-05  2.421E+02  4.413E-02  2.824E+00  1.002E+00
    78  1.335E-01  5.544E-01  4.349E+02  2.165E+01  6.338E-03  2.443E-05  2.584E+02  4.658E-02  2.902E+00  1.002E+00
    79  1.442E-01  5.642E-01  4.698E+02  2.204E+01  6.475E-03  2.343E-05  2.753E+02  4.909E-02  2.980E+00  1.002E+00
    80  1.558E-01  5.745E-01  5.075E+02  2.244E+01  6.607E-03  2.249E-05  2.926E+02  5.166E-02  3.056E+00  1.002E+00
    81  1.683E-01  5.852E-01  5.482E+02  2.285E+01  6.733E-03  2.161E-05  3.104E+02  5.428E-02  3.130E+00  1.002E+00
    82  1.818E-01  5.963E-01  5.921E+02  2.329E+01  6.852E-03  2.078E-05  3.284E+02  5.693E-02  3.201E+00  1.002E+00
    83  1.963E-01  6.079E-01  6.396E+02  2.375E+01  6.960E-03  2.000E-05  3.466E+02  5.962E-02  3.268E+00  1.002E+00
    84  2.121E-01  6.201E-01  6.908E+02  2.422E+01  7.057E-03  1.927E-05  3.649E+02  6.233E-02  3.330E+00  1.002E+00
    85  2.291E-01  6.328E-01  7.462E+02  2.472E+01  7.140E-03  1.857E-05  3.831E+02  6.504E-02  3.386E+00  1.002E+00
    86  2.474E-01  6.462E-01  8.060E+02  2.524E+01  7.206E-03  1.791E-05  4.008E+02  6.774E-02  3.435E+00  1.002E+00
    87  2.672E-01  6.601E-01  8.705E+02  2.578E+01  7.252E-03  1.729E-05  4.180E+02  7.042E-02  3.473E+00  1.002E+00
    88  2.886E-01  6.747E-01  9.403E+02  2.635E+01  7.274E-03  1.669E-05  4.343E+02  7.305E-02  3.501E+00  1.002E+00
    89  3.118E-01  6.900E-01  1.016E+03  2.695E+01  7.269E-03  1.612E-05  4.493E+02  7.560E-02  3.516E+00  1.002E+00
    90  3.367E-01  7.061E-01  1.097E+03  2.758E+01  7.232E-03  1.558E-05  4.628E+02  7.805E-02  3.515E+00  1.002E+00
    91  3.637E-01  7.229E-01  1.185E+03  2.824E+01  7.157E-03  1.505E-05  4.741E+02  8.037E-02  3.496E+00  1.002E+00
    92  3.928E-01  7.405E-01  1.280E+03  2.893E+01  7.039E-03  1.453E-05  4.829E+02  8.254E-02  3.456E+00  1.002E+00
    93  4.242E-01  7.590E-01  1.382E+03  2.965E+01  6.870E-03  1.402E-05  4.886E+02  8.452E-02  3.391E+00  1.002E+00
    94  4.582E-01  7.784E-01  1.493E+03  3.040E+01  6.644E-03  1.350E-05  4.906E+02  8.629E-02  3.299E+00  1.002E+00
    95  4.949E-01  7.986E-01  1.612E+03  3.120E+01  6.352E-03  1.297E-05  4.884E+02  8.784E-02  3.173E+00  1.002E+00
    96  5.345E-01  8.197E-01  1.741E+03  3.202E+01  5.985E-03  1.241E-05  4.812E+02  8.914E-02  3.011E+00  1.001E+00
    97  5.772E-01  8.415E-01  1.880E+03  3.287E+01  5.536E-03  1.179E-05  4.685E+02  9.022E-02  2.807E+00  1.001E+00
    98  6.234E-01  8.641E-01  2.031E+03  3.375E+01  5.002E-03  1.110E-05  4.497E+02  9.110E-02  2.555E+00  1.001E+00
    99  6.733E-01  8.870E-01  2.193E+03  3.465E+01  4.386E-03  1.031E-05  4.247E+02  9.185E-02  2.281E+00  1.001E+00
   100  7.271E-01  9.105E-01  2.368E+03  3.557E+01  3.672E-03  9.351E-06  3.730E+02  9.263E-02  1.922E+00  1.001E+00
   101  7.852E-01  9.352E-01  2.558E+03  3.653E+01  2.819E-03  8.102E-06  2.955E+02  9.368E-02  1.476E+00  1.001E+00
   102  8.480E-01  9.609E-01  2.762E+03  3.754E+01  1.789E-03  6.364E-06  2.022E+02  9.501E-02  9.371E-01  1.000E+00
   103  9.158E-01  9.855E-01  2.983E+03  3.850E+01  6.401E-04  3.964E-06  1.033E+02  9.124E-02  3.353E-01  1.000E+00
   104  9.890E-01  9.981E-01  3.222E+03  3.899E+01  5.907E-05  2.412E-06  2.449E+01  4.555E-02  2.953E-02  1.000E+00
   105  1.068E+00  9.999E-01  3.479E+03  3.906E+01  9.695E-07  2.205E-06  4.397E-01  6.384E-03  6.524E-05  1.000E+00
   106  1.153E+00  1.000E+00  3.757E+03  3.907E+01  9.695E-07  2.205E-06  4.397E-01  6.384E-03  2.335E-06  1.000E+00
   107  1.246E+00  1.000E+00  4.057E+03  3.907E+01  9.695E-07  2.205E-06  4.397E-01  6.384E-03  3.723E-08  1.000E+00


  Disk file "OUTPUT.DAT" written at MSTART = 101


  Disk files PROFIL.DAT, WALL.DAT and PROFIL2C.DAT written at MSTART = 101
