
   n   eta    y/delta    u/Ue     T/Te    yplus    uplus   k/Ue**2  L/delta
   1 0.00E+00 0.00E+00 0.00E+00 1.00E+00 0.00E+00 0.00E+00 0.00E+00 0.00E+00
   2 1.08E-03 4.37E-05 2.98E-03 1.00E+00 8.10E-02 8.10E-02 7.39E-08 6.62E-10
   3 2.25E-03 9.09E-05 6.19E-03 1.00E+00 1.68E-01 1.68E-01 3.20E-07 5.49E-09
   4 3.52E-03 1.42E-04 9.67E-03 1.00E+00 2.63E-01 2.63E-01 7.79E-07 2.03E-08
   5 4.88E-03 1.97E-04 1.34E-02 1.00E+00 3.65E-01 3.65E-01 1.50E-06 5.35E-08
   6 6.35E-03 2.56E-04 1.75E-02 1.00E+00 4.75E-01 4.75E-01 2.54E-06 1.17E-07
   7 7.94E-03 3.21E-04 2.18E-02 1.00E+00 5.94E-01 5.94E-01 3.98E-06 2.28E-07
   8 9.66E-03 3.90E-04 2.66E-02 1.00E+00 7.23E-01 7.22E-01 5.88E-06 4.08E-07
   9 1.15E-02 4.65E-04 3.17E-02 1.00E+00 8.62E-01 8.61E-01 8.36E-06 6.89E-07
  10 1.35E-02 5.46E-04 3.72E-02 1.00E+00 1.01E+00 1.01E+00 1.15E-05 1.11E-06
  11 1.57E-02 6.33E-04 4.31E-02 1.00E+00 1.17E+00 1.17E+00 1.55E-05 1.73E-06
  12 1.80E-02 7.27E-04 4.95E-02 1.00E+00 1.35E+00 1.35E+00 2.05E-05 2.63E-06
  13 2.05E-02 8.29E-04 5.64E-02 1.00E+00 1.54E+00 1.53E+00 2.66E-05 3.89E-06
  14 2.33E-02 9.39E-04 6.38E-02 1.00E+00 1.74E+00 1.74E+00 3.41E-05 5.64E-06
  15 2.62E-02 1.06E-03 7.19E-02 1.00E+00 1.96E+00 1.96E+00 4.33E-05 8.06E-06
  16 2.94E-02 1.19E-03 8.05E-02 1.00E+00 2.20E+00 2.19E+00 5.45E-05 1.14E-05
  17 3.28E-02 1.33E-03 8.98E-02 1.00E+00 2.46E+00 2.44E+00 6.80E-05 1.58E-05
  18 3.65E-02 1.47E-03 9.99E-02 1.00E+00 2.73E+00 2.72E+00 8.42E-05 2.18E-05
  19 4.06E-02 1.64E-03 1.11E-01 1.00E+00 3.03E+00 3.01E+00 1.04E-04 2.98E-05
  20 4.49E-02 1.81E-03 1.22E-01 1.00E+00 3.36E+00 3.33E+00 1.27E-04 4.03E-05
  21 4.96E-02 2.00E-03 1.35E-01 1.00E+00 3.71E+00 3.66E+00 1.55E-04 5.42E-05
  22 5.46E-02 2.20E-03 1.48E-01 1.00E+00 4.08E+00 4.03E+00 1.88E-04 7.25E-05
  23 6.01E-02 2.42E-03 1.62E-01 1.00E+00 4.49E+00 4.42E+00 2.27E-04 9.65E-05
  24 6.59E-02 2.66E-03 1.78E-01 1.00E+00 4.93E+00 4.83E+00 2.74E-04 1.28E-04
  25 7.23E-02 2.92E-03 1.94E-01 1.00E+00 5.41E+00 5.28E+00 3.29E-04 1.68E-04
  26 7.92E-02 3.19E-03 2.11E-01 1.00E+00 5.92E+00 5.75E+00 3.95E-04 2.21E-04
  27 8.66E-02 3.49E-03 2.30E-01 1.00E+00 6.48E+00 6.25E+00 4.72E-04 2.89E-04
  28 9.46E-02 3.82E-03 2.49E-01 1.00E+00 7.08E+00 6.78E+00 5.64E-04 3.77E-04
  29 1.03E-01 4.17E-03 2.70E-01 1.00E+00 7.72E+00 7.34E+00 6.72E-04 4.89E-04
  30 1.13E-01 4.54E-03 2.91E-01 1.00E+00 8.42E+00 7.92E+00 7.99E-04 6.35E-04
  31 1.23E-01 4.95E-03 3.14E-01 1.00E+00 9.18E+00 8.53E+00 9.48E-04 8.21E-04
  32 1.34E-01 5.39E-03 3.37E-01 1.00E+00 9.99E+00 9.16E+00 1.12E-03 1.06E-03
  33 1.45E-01 5.86E-03 3.60E-01 1.00E+00 1.09E+01 9.80E+00 1.33E-03 1.31E-03
  34 1.58E-01 6.38E-03 3.84E-01 1.00E+00 1.18E+01 1.04E+01 1.57E-03 1.55E-03
  35 1.72E-01 6.93E-03 4.07E-01 1.00E+00 1.28E+01 1.11E+01 1.86E-03 1.83E-03
  36 1.87E-01 7.53E-03 4.13E-01 1.00E+00 1.40E+01 1.12E+01 2.19E-03 2.15E-03
  37 2.03E-01 8.18E-03 4.20E-01 1.00E+00 1.52E+01 1.14E+01 2.59E-03 2.54E-03
  38 2.20E-01 8.87E-03 4.26E-01 1.00E+00 1.64E+01 1.16E+01 3.05E-03 2.99E-03
  39 2.39E-01 9.63E-03 4.32E-01 1.00E+00 1.78E+01 1.18E+01 3.59E-03 3.52E-03
  40 2.59E-01 1.04E-02 4.39E-01 1.00E+00 1.94E+01 1.19E+01 4.22E-03 4.14E-03
  41 2.81E-01 1.13E-02 4.45E-01 1.00E+00 2.10E+01 1.21E+01 4.50E-03 4.64E-03
  42 3.04E-01 1.23E-02 4.51E-01 1.00E+00 2.27E+01 1.23E+01 4.50E-03 5.03E-03
  43 3.29E-01 1.33E-02 4.58E-01 1.00E+00 2.46E+01 1.25E+01 4.50E-03 5.45E-03
  44 3.57E-01 1.44E-02 4.65E-01 1.00E+00 2.67E+01 1.26E+01 4.50E-03 5.90E-03
  45 3.87E-01 1.56E-02 4.71E-01 1.00E+00 2.89E+01 1.28E+01 4.50E-03 6.39E-03
  46 4.19E-01 1.69E-02 4.78E-01 1.00E+00 3.13E+01 1.30E+01 4.50E-03 6.92E-03
  47 4.53E-01 1.83E-02 4.85E-01 1.00E+00 3.39E+01 1.32E+01 4.50E-03 7.49E-03
  48 4.90E-01 1.98E-02 4.92E-01 1.00E+00 3.67E+01 1.34E+01 4.50E-03 8.11E-03
  49 5.31E-01 2.14E-02 4.99E-01 1.00E+00 3.97E+01 1.36E+01 4.50E-03 8.77E-03
  50 5.74E-01 2.32E-02 5.06E-01 1.00E+00 4.29E+01 1.38E+01 4.50E-03 9.49E-03
  51 6.21E-01 2.51E-02 5.14E-01 1.00E+00 4.65E+01 1.40E+01 4.50E-03 1.03E-02
  52 6.72E-01 2.71E-02 5.21E-01 1.00E+00 5.03E+01 1.42E+01 4.50E-03 1.11E-02
  53 7.27E-01 2.93E-02 5.28E-01 1.00E+00 5.44E+01 1.44E+01 4.50E-03 1.20E-02
  54 7.86E-01 3.17E-02 5.36E-01 1.00E+00 5.88E+01 1.46E+01 4.49E-03 1.30E-02
  55 8.50E-01 3.43E-02 5.44E-01 1.00E+00 6.36E+01 1.48E+01 4.49E-03 1.40E-02
  56 9.19E-01 3.71E-02 5.51E-01 1.00E+00 6.87E+01 1.50E+01 4.49E-03 1.52E-02
  57 9.94E-01 4.01E-02 5.59E-01 1.00E+00 7.43E+01 1.52E+01 4.49E-03 1.64E-02
  58 1.07E+00 4.33E-02 5.67E-01 1.00E+00 8.04E+01 1.54E+01 4.49E-03 1.77E-02
  59 1.16E+00 4.69E-02 5.75E-01 1.00E+00 8.69E+01 1.56E+01 4.48E-03 1.92E-02
  60 1.26E+00 5.07E-02 5.83E-01 1.00E+00 9.39E+01 1.59E+01 4.48E-03 2.07E-02
  61 1.36E+00 5.47E-02 5.92E-01 1.00E+00 1.01E+02 1.61E+01 4.47E-03 2.24E-02
  62 1.47E+00 5.92E-02 6.00E-01 1.00E+00 1.10E+02 1.63E+01 4.47E-03 2.42E-02
  63 1.59E+00 6.39E-02 6.08E-01 1.00E+00 1.19E+02 1.65E+01 4.46E-03 2.61E-02
  64 1.71E+00 6.91E-02 6.17E-01 1.00E+00 1.28E+02 1.68E+01 4.45E-03 2.82E-02
  65 1.85E+00 7.47E-02 6.26E-01 1.00E+00 1.38E+02 1.70E+01 4.45E-03 3.04E-02
  66 2.00E+00 8.07E-02 6.35E-01 1.00E+00 1.50E+02 1.73E+01 4.44E-03 3.28E-02
  67 2.16E+00 8.72E-02 6.43E-01 1.00E+00 1.62E+02 1.75E+01 4.42E-03 3.54E-02
  68 2.34E+00 9.42E-02 6.53E-01 1.00E+00 1.75E+02 1.78E+01 4.41E-03 3.82E-02
  69 2.52E+00 1.02E-01 6.62E-01 1.00E+00 1.89E+02 1.80E+01 4.39E-03 4.12E-02
  70 2.73E+00 1.10E-01 6.71E-01 1.00E+00 2.04E+02 1.83E+01 4.38E-03 4.44E-02
  71 2.95E+00 1.19E-01 6.80E-01 1.00E+00 2.20E+02 1.85E+01 4.35E-03 4.79E-02
  72 3.18E+00 1.28E-01 6.90E-01 1.00E+00 2.38E+02 1.88E+01 4.33E-03 5.16E-02
  73 3.44E+00 1.39E-01 7.00E-01 1.00E+00 2.57E+02 1.90E+01 4.30E-03 5.55E-02
  74 3.71E+00 1.50E-01 7.10E-01 1.00E+00 2.78E+02 1.93E+01 4.27E-03 5.97E-02
  75 4.01E+00 1.62E-01 7.20E-01 1.00E+00 3.00E+02 1.96E+01 4.23E-03 6.42E-02
  76 4.33E+00 1.75E-01 7.30E-01 1.00E+00 3.24E+02 1.98E+01 4.18E-03 6.90E-02
  77 4.68E+00 1.89E-01 7.40E-01 1.00E+00 3.50E+02 2.01E+01 4.13E-03 7.40E-02
  78 5.06E+00 2.04E-01 7.50E-01 1.00E+00 3.78E+02 2.04E+01 4.07E-03 7.94E-02
  79 5.46E+00 2.20E-01 7.61E-01 1.00E+00 4.08E+02 2.07E+01 3.99E-03 8.50E-02
  80 5.90E+00 2.38E-01 7.72E-01 1.00E+00 4.41E+02 2.10E+01 3.91E-03 9.00E-02
  81 6.37E+00 2.57E-01 7.82E-01 1.00E+00 4.77E+02 2.13E+01 3.82E-03 9.00E-02
  82 6.89E+00 2.78E-01 7.93E-01 1.00E+00 5.15E+02 2.16E+01 3.71E-03 9.00E-02
  83 7.44E+00 3.00E-01 8.04E-01 1.00E+00 5.56E+02 2.19E+01 3.59E-03 9.00E-02
  84 8.03E+00 3.24E-01 8.16E-01 1.00E+00 6.01E+02 2.22E+01 3.44E-03 9.00E-02
  85 8.68E+00 3.50E-01 8.27E-01 1.00E+00 6.49E+02 2.25E+01 3.28E-03 9.00E-02
  86 9.37E+00 3.78E-01 8.39E-01 1.00E+00 7.01E+02 2.28E+01 3.10E-03 9.00E-02
  87 1.01E+01 4.08E-01 8.51E-01 1.00E+00 7.57E+02 2.31E+01 2.90E-03 9.00E-02
  88 1.09E+01 4.41E-01 8.62E-01 1.00E+00 8.17E+02 2.35E+01 2.68E-03 9.00E-02
  89 1.18E+01 4.76E-01 8.75E-01 1.00E+00 8.83E+02 2.38E+01 2.43E-03 9.00E-02
  90 1.28E+01 5.14E-01 8.87E-01 1.00E+00 9.54E+02 2.41E+01 2.16E-03 9.00E-02
  91 1.38E+01 5.56E-01 8.99E-01 1.00E+00 1.03E+03 2.45E+01 1.87E-03 9.00E-02
  92 1.49E+01 6.00E-01 9.12E-01 1.00E+00 1.11E+03 2.48E+01 1.56E-03 9.00E-02
  93 1.61E+01 6.48E-01 9.25E-01 1.00E+00 1.20E+03 2.52E+01 1.24E-03 9.00E-02
  94 1.74E+01 7.00E-01 9.38E-01 1.00E+00 1.30E+03 2.55E+01 9.30E-04 9.00E-02
  95 1.87E+01 7.56E-01 9.51E-01 1.00E+00 1.40E+03 2.59E+01 6.31E-04 9.00E-02
  96 2.03E+01 8.17E-01 9.64E-01 1.00E+00 1.51E+03 2.62E+01 3.64E-04 9.00E-02
  97 2.19E+01 8.82E-01 9.78E-01 1.00E+00 1.63E+03 2.66E+01 1.53E-04 9.00E-02
  98 2.36E+01 9.53E-01 9.91E-01 1.00E+00 1.77E+03 2.70E+01 2.50E-05 9.00E-02
  99 2.55E+01 1.03E+00 1.00E+00 1.00E+00 1.91E+03 2.72E+01 1.00E-06 9.00E-02
 100 2.76E+01 1.11E+00 1.00E+00 1.00E+00 2.06E+03 2.72E+01 1.00E-06 9.00E-02
 101 2.98E+01 1.20E+00 1.00E+00 1.00E+00 2.22E+03 2.72E+01 1.00E-06 1.83E-02


                           ** INTEGRAL PARAMETERS **
                             THETA   =  1.0862E-02
                             DELTA*  =  1.5206E-02
                             H       =  1.4000E+00
                             RETHETA =  5.6000E+03
                             CF      =  2.7000E-03
                             YPLUS(2)=  8.1004E-02
