 Program EDDYBL input data:
 __________________________

 IUTYPE    =    1
 MODEL     =    0
 NVISC     =    0
 ALPHA     =  5.200000E-01
 BETA      =  7.080000E-02
 BETAS     =  9.000000E-02
 SIGMA     =  5.000000E-01
 SIGMAS    =  6.000000E-01
 PRT       =  8.900000E-01
 CEPS1     =  1.440000E+00
 CEPS2     =  1.920000E+00
 CMU       =  9.000000E-02
 SIGMAE    =  1.300000E+00
 SIGMAK    =  1.000000E+00
 PSIEPS    =  1.250000E-01
 ALPHAH    =  7.751196E-01
 BETAH     =  2.009569E-01
 GAMMAH    =  5.014354E-01
 CC1       =  1.800000E+00
 XIS       =  0.000000E+00
 XMT0      =  2.500000E-01
 CONE      =  0.000000E+00
 DS        =  3.048000E-03
 G         =  1.400000E+00
 PR        =  7.200000E-01
 PT1       =  9.647820E+04
 R         =  2.869589E+02
 REK       =  1.000000E+00
 RMI0      =  3.048000E-01
 SGN       =  1.000000E+00
 SSTOP     =  1.250594E+00
 SU        =  1.103333E+02
 TT1       =  2.800000E+02
 USTOP     =  1.000000E+00
 VISCON    =  1.458197E-06
 VISPOW    =  1.500000E+00
 WAVE      =  0.000000E+00
 XK        =  1.060000E+00
 XMA       =  5.000000E-02
 ZIOTAE    =  1.000000E-06
 ZIOTAL    =  1.000000E-02
 IBODY     =    2
 IBOUND    =    1
 IEDGE     =  101
 IEND1     = 1000
 ISHORT    =    0
 J         =    0
 KEBC      =    0
 KODWAL    =    2
 MSTART    =    2
 NFLAG     =    1
 NUMBER    =    8
 PROVAL(1) =  1.000000E+10
 PROVAL(2) =  1.000000E+10
 PROVAL(3) =  1.000000E+10
 PROVAL(4) =  1.000000E+10
 PROVAL(5) =  1.000000E+10
 PROVAL(6) =  1.000000E+10
 PROVAL(7) =  1.000000E+10
 PROVAL(8) =  1.000000E+10
 PROVAL(9) =  1.000000E+10
 PROVAL(10)=  1.000000E+10
 ALAMM     =  4.000000E+00
 CF        =  3.680000E-03
 DELTA     =  1.856232E-02
 H         =  1.361600E+00
 R2D       =  3.048000E-01
 RETHET    =  2.295000E+03
 SI        =  8.862060E-01
 __________________________


  COMPUTATION INITIATED AT MSTART =   2
 m =   2: s = 8.89E-01 Res = 1.01E+06 Re0 = 2.31E+03 Cf = 4.18E-03 H = 1.36E+00
 m =   3: s = 8.92E-01 Res = 1.02E+06 Re0 = 2.33E+03 Cf = 4.10E-03 H = 1.37E+00
 m =   4: s = 8.94E-01 Res = 1.02E+06 Re0 = 2.34E+03 Cf = 3.78E-03 H = 1.37E+00
 m =   5: s = 8.97E-01 Res = 1.02E+06 Re0 = 2.35E+03 Cf = 3.49E-03 H = 1.38E+00
 m =   6: s = 8.99E-01 Res = 1.02E+06 Re0 = 2.37E+03 Cf = 3.27E-03 H = 1.38E+00
 m =   7: s = 9.00E-01 Res = 1.02E+06 Re0 = 2.39E+03 Cf = 3.10E-03 H = 1.39E+00
 m =   8: s = 9.02E-01 Res = 1.02E+06 Re0 = 2.41E+03 Cf = 2.95E-03 H = 1.39E+00
 m =   9: s = 9.04E-01 Res = 1.02E+06 Re0 = 2.43E+03 Cf = 2.79E-03 H = 1.40E+00
 m =  10: s = 9.05E-01 Res = 1.01E+06 Re0 = 2.45E+03 Cf = 2.64E-03 H = 1.40E+00
 m =  11: s = 9.06E-01 Res = 1.01E+06 Re0 = 2.47E+03 Cf = 2.47E-03 H = 1.41E+00
 m =  12: s = 9.07E-01 Res = 1.01E+06 Re0 = 2.49E+03 Cf = 2.30E-03 H = 1.42E+00
 m =  13: s = 9.08E-01 Res = 1.01E+06 Re0 = 2.52E+03 Cf = 2.12E-03 H = 1.43E+00
 m =  14: s = 9.09E-01 Res = 1.00E+06 Re0 = 2.54E+03 Cf = 1.93E-03 H = 1.43E+00
 m =  15: s = 9.10E-01 Res = 1.00E+06 Re0 = 2.56E+03 Cf = 1.73E-03 H = 1.44E+00
 m =  16: s = 9.11E-01 Res = 9.98E+05 Re0 = 2.59E+03 Cf = 1.52E-03 H = 1.45E+00
 m =  17: s = 9.12E-01 Res = 9.95E+05 Re0 = 2.62E+03 Cf = 1.30E-03 H = 1.47E+00
 m =  18: s = 9.13E-01 Res = 9.92E+05 Re0 = 2.64E+03 Cf = 1.11E-03 H = 1.48E+00
 m =  19: s = 9.13E-01 Res = 9.89E+05 Re0 = 2.66E+03 Cf = 9.78E-04 H = 1.49E+00
 m =  20: s = 9.14E-01 Res = 9.87E+05 Re0 = 2.68E+03 Cf = 8.97E-04 H = 1.50E+00
 m =  21: s = 9.14E-01 Res = 9.85E+05 Re0 = 2.70E+03 Cf = 8.47E-04 H = 1.50E+00
 m =  22: s = 9.15E-01 Res = 9.83E+05 Re0 = 2.72E+03 Cf = 8.06E-04 H = 1.51E+00
 m =  23: s = 9.16E-01 Res = 9.81E+05 Re0 = 2.74E+03 Cf = 7.71E-04 H = 1.52E+00
 m =  24: s = 9.16E-01 Res = 9.79E+05 Re0 = 2.76E+03 Cf = 7.41E-04 H = 1.53E+00
 m =  25: s = 9.17E-01 Res = 9.77E+05 Re0 = 2.78E+03 Cf = 7.15E-04 H = 1.53E+00
 m =  26: s = 9.17E-01 Res = 9.75E+05 Re0 = 2.80E+03 Cf = 6.93E-04 H = 1.54E+00
 m =  27: s = 9.18E-01 Res = 9.73E+05 Re0 = 2.82E+03 Cf = 6.75E-04 H = 1.55E+00
 m =  28: s = 9.19E-01 Res = 9.71E+05 Re0 = 2.84E+03 Cf = 6.60E-04 H = 1.56E+00
 m =  29: s = 9.19E-01 Res = 9.69E+05 Re0 = 2.86E+03 Cf = 6.48E-04 H = 1.56E+00
 m =  30: s = 9.20E-01 Res = 9.67E+05 Re0 = 2.88E+03 Cf = 6.39E-04 H = 1.57E+00
 m =  31: s = 9.21E-01 Res = 9.65E+05 Re0 = 2.90E+03 Cf = 6.33E-04 H = 1.58E+00
 m =  32: s = 9.21E-01 Res = 9.64E+05 Re0 = 2.92E+03 Cf = 6.30E-04 H = 1.59E+00
 m =  33: s = 9.22E-01 Res = 9.62E+05 Re0 = 2.94E+03 Cf = 6.31E-04 H = 1.60E+00
 m =  34: s = 9.23E-01 Res = 9.60E+05 Re0 = 2.96E+03 Cf = 6.36E-04 H = 1.60E+00
 m =  35: s = 9.24E-01 Res = 9.58E+05 Re0 = 2.98E+03 Cf = 6.44E-04 H = 1.61E+00
 m =  36: s = 9.25E-01 Res = 9.56E+05 Re0 = 3.01E+03 Cf = 6.55E-04 H = 1.62E+00
 m =  37: s = 9.26E-01 Res = 9.54E+05 Re0 = 3.03E+03 Cf = 6.69E-04 H = 1.63E+00
 m =  38: s = 9.27E-01 Res = 9.53E+05 Re0 = 3.05E+03 Cf = 6.86E-04 H = 1.64E+00
 m =  39: s = 9.28E-01 Res = 9.51E+05 Re0 = 3.08E+03 Cf = 7.04E-04 H = 1.64E+00
 m =  40: s = 9.29E-01 Res = 9.49E+05 Re0 = 3.10E+03 Cf = 7.23E-04 H = 1.65E+00
 m =  41: s = 9.30E-01 Res = 9.48E+05 Re0 = 3.13E+03 Cf = 7.41E-04 H = 1.66E+00
 m =  42: s = 9.31E-01 Res = 9.47E+05 Re0 = 3.15E+03 Cf = 7.57E-04 H = 1.67E+00
 m =  43: s = 9.33E-01 Res = 9.45E+05 Re0 = 3.17E+03 Cf = 7.71E-04 H = 1.67E+00
 m =  44: s = 9.34E-01 Res = 9.44E+05 Re0 = 3.20E+03 Cf = 7.85E-04 H = 1.68E+00
 m =  45: s = 9.35E-01 Res = 9.43E+05 Re0 = 3.22E+03 Cf = 8.02E-04 H = 1.69E+00
 m =  46: s = 9.37E-01 Res = 9.41E+05 Re0 = 3.24E+03 Cf = 8.19E-04 H = 1.69E+00
 m =  47: s = 9.38E-01 Res = 9.40E+05 Re0 = 3.27E+03 Cf = 8.39E-04 H = 1.70E+00
 m =  48: s = 9.39E-01 Res = 9.39E+05 Re0 = 3.29E+03 Cf = 8.61E-04 H = 1.70E+00
 m =  49: s = 9.41E-01 Res = 9.39E+05 Re0 = 3.31E+03 Cf = 8.85E-04 H = 1.71E+00
 m =  50: s = 9.42E-01 Res = 9.38E+05 Re0 = 3.34E+03 Cf = 9.10E-04 H = 1.71E+00
 m =  51: s = 9.44E-01 Res = 9.37E+05 Re0 = 3.36E+03 Cf = 9.37E-04 H = 1.72E+00
 m =  52: s = 9.45E-01 Res = 9.36E+05 Re0 = 3.38E+03 Cf = 9.62E-04 H = 1.72E+00
 m =  53: s = 9.47E-01 Res = 9.36E+05 Re0 = 3.40E+03 Cf = 9.89E-04 H = 1.72E+00
 m =  54: s = 9.48E-01 Res = 9.35E+05 Re0 = 3.42E+03 Cf = 1.02E-03 H = 1.73E+00
 m =  55: s = 9.50E-01 Res = 9.35E+05 Re0 = 3.44E+03 Cf = 1.05E-03 H = 1.73E+00
 m =  56: s = 9.52E-01 Res = 9.35E+05 Re0 = 3.47E+03 Cf = 1.07E-03 H = 1.73E+00
 m =  57: s = 9.54E-01 Res = 9.34E+05 Re0 = 3.49E+03 Cf = 1.10E-03 H = 1.74E+00
 m =  58: s = 9.56E-01 Res = 9.34E+05 Re0 = 3.51E+03 Cf = 1.13E-03 H = 1.74E+00
 m =  59: s = 9.58E-01 Res = 9.34E+05 Re0 = 3.53E+03 Cf = 1.15E-03 H = 1.74E+00
 m =  60: s = 9.60E-01 Res = 9.34E+05 Re0 = 3.56E+03 Cf = 1.17E-03 H = 1.74E+00
 m =  61: s = 9.62E-01 Res = 9.34E+05 Re0 = 3.58E+03 Cf = 1.19E-03 H = 1.74E+00
 m =  62: s = 9.65E-01 Res = 9.34E+05 Re0 = 3.61E+03 Cf = 1.19E-03 H = 1.75E+00
 m =  63: s = 9.67E-01 Res = 9.34E+05 Re0 = 3.63E+03 Cf = 1.20E-03 H = 1.75E+00
 m =  64: s = 9.70E-01 Res = 9.35E+05 Re0 = 3.66E+03 Cf = 1.19E-03 H = 1.75E+00
 m =  65: s = 9.73E-01 Res = 9.35E+05 Re0 = 3.69E+03 Cf = 1.19E-03 H = 1.76E+00
 m =  66: s = 9.76E-01 Res = 9.35E+05 Re0 = 3.72E+03 Cf = 1.18E-03 H = 1.76E+00
 m =  67: s = 9.79E-01 Res = 9.35E+05 Re0 = 3.76E+03 Cf = 1.18E-03 H = 1.77E+00
 m =  68: s = 9.82E-01 Res = 9.35E+05 Re0 = 3.79E+03 Cf = 1.17E-03 H = 1.77E+00
 m =  69: s = 9.86E-01 Res = 9.35E+05 Re0 = 3.83E+03 Cf = 1.15E-03 H = 1.78E+00
 m =  70: s = 9.89E-01 Res = 9.36E+05 Re0 = 3.87E+03 Cf = 1.14E-03 H = 1.79E+00
 m =  71: s = 9.93E-01 Res = 9.36E+05 Re0 = 3.91E+03 Cf = 1.12E-03 H = 1.79E+00
 m =  72: s = 9.98E-01 Res = 9.36E+05 Re0 = 3.95E+03 Cf = 1.10E-03 H = 1.80E+00
 m =  73: s = 1.00E+00 Res = 9.37E+05 Re0 = 4.00E+03 Cf = 1.08E-03 H = 1.81E+00
 m =  74: s = 1.01E+00 Res = 9.37E+05 Re0 = 4.05E+03 Cf = 1.06E-03 H = 1.82E+00
 m =  75: s = 1.01E+00 Res = 9.38E+05 Re0 = 4.11E+03 Cf = 1.04E-03 H = 1.83E+00
 m =  76: s = 1.02E+00 Res = 9.38E+05 Re0 = 4.16E+03 Cf = 1.01E-03 H = 1.85E+00
 m =  77: s = 1.02E+00 Res = 9.39E+05 Re0 = 4.22E+03 Cf = 9.87E-04 H = 1.86E+00
 m =  78: s = 1.03E+00 Res = 9.40E+05 Re0 = 4.29E+03 Cf = 9.59E-04 H = 1.87E+00
 m =  79: s = 1.04E+00 Res = 9.41E+05 Re0 = 4.35E+03 Cf = 9.30E-04 H = 1.89E+00
 m =  80: s = 1.04E+00 Res = 9.42E+05 Re0 = 4.42E+03 Cf = 9.01E-04 H = 1.91E+00
 m =  81: s = 1.05E+00 Res = 9.43E+05 Re0 = 4.50E+03 Cf = 8.71E-04 H = 1.92E+00
 m =  82: s = 1.06E+00 Res = 9.44E+05 Re0 = 4.57E+03 Cf = 8.42E-04 H = 1.94E+00
 m =  83: s = 1.06E+00 Res = 9.45E+05 Re0 = 4.65E+03 Cf = 8.13E-04 H = 1.96E+00
 m =  84: s = 1.07E+00 Res = 9.47E+05 Re0 = 4.73E+03 Cf = 7.86E-04 H = 1.98E+00
 m =  85: s = 1.08E+00 Res = 9.48E+05 Re0 = 4.81E+03 Cf = 7.60E-04 H = 2.00E+00
 m =  86: s = 1.08E+00 Res = 9.50E+05 Re0 = 4.88E+03 Cf = 7.38E-04 H = 2.02E+00
 m =  87: s = 1.09E+00 Res = 9.51E+05 Re0 = 4.95E+03 Cf = 7.17E-04 H = 2.04E+00
 m =  88: s = 1.10E+00 Res = 9.53E+05 Re0 = 5.01E+03 Cf = 6.99E-04 H = 2.05E+00
 m =  89: s = 1.10E+00 Res = 9.55E+05 Re0 = 5.08E+03 Cf = 6.81E-04 H = 2.07E+00
 m =  90: s = 1.11E+00 Res = 9.56E+05 Re0 = 5.15E+03 Cf = 6.66E-04 H = 2.09E+00
 m =  91: s = 1.12E+00 Res = 9.58E+05 Re0 = 5.22E+03 Cf = 6.52E-04 H = 2.10E+00
 m =  92: s = 1.13E+00 Res = 9.61E+05 Re0 = 5.29E+03 Cf = 6.39E-04 H = 2.12E+00
 m =  93: s = 1.13E+00 Res = 9.63E+05 Re0 = 5.36E+03 Cf = 6.29E-04 H = 2.14E+00
 m =  94: s = 1.14E+00 Res = 9.65E+05 Re0 = 5.43E+03 Cf = 6.20E-04 H = 2.15E+00
 m =  95: s = 1.15E+00 Res = 9.67E+05 Re0 = 5.50E+03 Cf = 6.14E-04 H = 2.17E+00
 m =  96: s = 1.15E+00 Res = 9.70E+05 Re0 = 5.57E+03 Cf = 6.09E-04 H = 2.18E+00
 m =  97: s = 1.16E+00 Res = 9.72E+05 Re0 = 5.63E+03 Cf = 6.06E-04 H = 2.19E+00
 m =  98: s = 1.17E+00 Res = 9.75E+05 Re0 = 5.70E+03 Cf = 6.05E-04 H = 2.21E+00
 m =  99: s = 1.18E+00 Res = 9.78E+05 Re0 = 5.76E+03 Cf = 6.06E-04 H = 2.22E+00
 m = 100: s = 1.18E+00 Res = 9.80E+05 Re0 = 5.82E+03 Cf = 6.08E-04 H = 2.23E+00
 m = 101: s = 1.19E+00 Res = 9.83E+05 Re0 = 5.88E+03 Cf = 6.11E-04 H = 2.24E+00
 m = 102: s = 1.20E+00 Res = 9.86E+05 Re0 = 5.94E+03 Cf = 6.16E-04 H = 2.24E+00
 m = 103: s = 1.20E+00 Res = 9.89E+05 Re0 = 6.00E+03 Cf = 6.22E-04 H = 2.25E+00
 m = 104: s = 1.21E+00 Res = 9.93E+05 Re0 = 6.06E+03 Cf = 6.30E-04 H = 2.26E+00
 m = 105: s = 1.22E+00 Res = 9.96E+05 Re0 = 6.12E+03 Cf = 6.38E-04 H = 2.26E+00
 m = 106: s = 1.23E+00 Res = 9.99E+05 Re0 = 6.18E+03 Cf = 6.47E-04 H = 2.27E+00
 m = 107: s = 1.24E+00 Res = 1.00E+06 Re0 = 6.24E+03 Cf = 6.57E-04 H = 2.27E+00
 m = 108: s = 1.24E+00 Res = 1.01E+06 Re0 = 6.30E+03 Cf = 6.68E-04 H = 2.27E+00
 m = 109: s = 1.25E+00 Res = 1.01E+06 Re0 = 6.35E+03 Cf = 6.77E-04 H = 2.27E+00


 x  =    1.2506E+00  Profile

     i   y/delta     u/Ue       yplus      uplus     k/Ue**2     omega     eps/mu     L/delta    uv/tauw     T/Te
     1  0.000E+00  0.000E+00  0.000E+00  0.000E+00  0.000E+00  8.077E+04  0.000E+00  0.000E+00  0.000E+00  9.986E-01
     2  1.476E-04  1.898E-03  1.029E-01  1.033E-01  2.077E-09  2.680E+00  7.770E-10  8.209E-10  7.822E-10  9.986E-01
     3  3.041E-04  3.925E-03  2.120E-01  2.135E-01  2.139E-08  6.354E-01  3.375E-08  1.111E-08  3.422E-08  9.986E-01
     4  4.700E-04  6.088E-03  3.276E-01  3.312E-01  8.878E-08  2.665E-01  3.339E-07  5.396E-08  3.411E-07  9.986E-01
     5  6.459E-04  8.400E-03  4.502E-01  4.569E-01  2.520E-07  1.413E-01  1.788E-06  1.715E-07  1.841E-06  9.986E-01
     6  8.323E-04  1.087E-02  5.801E-01  5.912E-01  5.802E-07  8.515E-02  6.830E-06  4.318E-07  7.091E-06  9.986E-01
     7  1.030E-03  1.351E-02  7.178E-01  7.348E-01  1.170E-06  5.563E-02  2.108E-05  9.385E-07  2.207E-05  9.986E-01
     8  1.239E-03  1.633E-02  8.638E-01  8.883E-01  2.153E-06  3.865E-02  5.585E-05  1.833E-06  5.901E-05  9.986E-01
     9  1.461E-03  1.935E-02  1.019E+00  1.053E+00  3.709E-06  2.789E-02  1.333E-04  3.333E-06  1.422E-04  9.986E-01
    10  1.697E-03  2.259E-02  1.183E+00  1.228E+00  6.075E-06  2.074E-02  2.936E-04  5.736E-06  3.163E-04  9.986E-01
    11  1.946E-03  2.605E-02  1.356E+00  1.417E+00  9.562E-06  1.579E-02  6.068E-04  9.451E-06  6.605E-04  9.986E-01
    12  2.210E-03  2.976E-02  1.541E+00  1.618E+00  1.457E-05  1.227E-02  1.191E-03  1.502E-05  1.310E-03  9.986E-01
    13  2.491E-03  3.373E-02  1.736E+00  1.834E+00  2.162E-05  9.682E-03  2.239E-03  2.318E-05  2.488E-03  9.986E-01
    14  2.788E-03  3.798E-02  1.943E+00  2.066E+00  3.136E-05  7.752E-03  4.055E-03  3.487E-05  4.553E-03  9.986E-01
    15  3.103E-03  4.254E-02  2.163E+00  2.314E+00  4.460E-05  6.285E-03  7.114E-03  5.130E-05  8.064E-03  9.986E-01
    16  3.437E-03  4.741E-02  2.395E+00  2.579E+00  6.233E-05  5.153E-03  1.213E-02  7.397E-05  1.386E-02  9.986E-01
    17  3.790E-03  5.261E-02  2.642E+00  2.861E+00  8.574E-05  4.269E-03  2.013E-02  1.047E-04  2.314E-02  9.986E-01
    18  4.165E-03  5.815E-02  2.903E+00  3.163E+00  1.162E-04  3.570E-03  3.261E-02  1.457E-04  3.757E-02  9.986E-01
    19  4.563E-03  6.401E-02  3.181E+00  3.482E+00  1.551E-04  3.013E-03  5.158E-02  1.995E-04  5.921E-02  9.986E-01
    20  4.984E-03  7.019E-02  3.474E+00  3.818E+00  2.039E-04  2.565E-03  7.967E-02  2.687E-04  9.046E-02  9.986E-01
    21  5.431E-03  7.664E-02  3.786E+00  4.168E+00  2.639E-04  2.201E-03  1.202E-01  3.563E-04  1.337E-01  9.986E-01
    22  5.905E-03  8.330E-02  4.116E+00  4.530E+00  3.358E-04  1.901E-03  1.771E-01  4.653E-04  1.906E-01  9.986E-01
    23  6.407E-03  9.008E-02  4.466E+00  4.899E+00  4.199E-04  1.653E-03  2.547E-01  5.984E-04  2.619E-01  9.986E-01
    24  6.939E-03  9.690E-02  4.836E+00  5.270E+00  5.155E-04  1.445E-03  3.577E-01  7.586E-04  3.464E-01  9.986E-01
    25  7.503E-03  1.037E-01  5.230E+00  5.638E+00  6.211E-04  1.268E-03  4.909E-01  9.486E-04  4.417E-01  9.986E-01
    26  8.100E-03  1.103E-01  5.646E+00  5.997E+00  7.348E-04  1.118E-03  6.591E-01  1.171E-03  5.443E-01  9.986E-01
    27  8.734E-03  1.167E-01  6.088E+00  6.345E+00  8.546E-04  9.880E-04  8.670E-01  1.428E-03  6.503E-01  9.986E-01
    28  9.406E-03  1.228E-01  6.556E+00  6.678E+00  9.783E-04  8.763E-04  1.119E+00  1.723E-03  7.565E-01  9.986E-01
    29  1.012E-02  1.286E-01  7.052E+00  6.995E+00  1.105E-03  7.796E-04  1.420E+00  2.058E-03  8.606E-01  9.986E-01
    30  1.087E-02  1.341E-01  7.578E+00  7.295E+00  1.232E-03  6.958E-04  1.775E+00  2.435E-03  9.610E-01  9.986E-01
    31  1.167E-02  1.394E-01  8.136E+00  7.579E+00  1.360E-03  6.231E-04  2.188E+00  2.857E-03  1.057E+00  9.986E-01
    32  1.252E-02  1.443E-01  8.727E+00  7.848E+00  1.487E-03  5.599E-04  2.663E+00  3.325E-03  1.149E+00  9.986E-01
    33  1.342E-02  1.490E-01  9.354E+00  8.103E+00  1.615E-03  5.049E-04  3.207E+00  3.842E-03  1.237E+00  9.986E-01
    34  1.437E-02  1.534E-01  1.002E+01  8.345E+00  1.743E-03  4.570E-04  3.823E+00  4.410E-03  1.323E+00  9.986E-01
    35  1.538E-02  1.577E-01  1.072E+01  8.575E+00  1.870E-03  4.151E-04  4.516E+00  5.029E-03  1.405E+00  9.986E-01
    36  1.645E-02  1.617E-01  1.147E+01  8.794E+00  1.998E-03  3.785E-04  5.293E+00  5.702E-03  1.486E+00  9.986E-01
    37  1.759E-02  1.656E-01  1.226E+01  9.005E+00  2.127E-03  3.463E-04  6.157E+00  6.429E-03  1.566E+00  9.986E-01
    38  1.879E-02  1.693E-01  1.310E+01  9.208E+00  2.256E-03  3.179E-04  7.114E+00  7.213E-03  1.646E+00  9.986E-01
    39  2.007E-02  1.729E-01  1.399E+01  9.404E+00  2.386E-03  2.928E-04  8.169E+00  8.053E-03  1.727E+00  9.986E-01
    40  2.142E-02  1.764E-01  1.493E+01  9.594E+00  2.518E-03  2.706E-04  9.328E+00  8.952E-03  1.808E+00  9.986E-01
    41  2.285E-02  1.798E-01  1.593E+01  9.779E+00  2.651E-03  2.509E-04  1.059E+01  9.909E-03  1.891E+00  9.986E-01
    42  2.437E-02  1.831E-01  1.699E+01  9.960E+00  2.787E-03  2.332E-04  1.198E+01  1.093E-02  1.977E+00  9.986E-01
    43  2.598E-02  1.864E-01  1.811E+01  1.014E+01  2.924E-03  2.175E-04  1.348E+01  1.200E-02  2.065E+00  9.986E-01
    44  2.768E-02  1.896E-01  1.930E+01  1.031E+01  3.064E-03  2.033E-04  1.510E+01  1.314E-02  2.156E+00  9.986E-01
    45  2.949E-02  1.928E-01  2.056E+01  1.049E+01  3.206E-03  1.906E-04  1.686E+01  1.434E-02  2.250E+00  9.986E-01
    46  3.141E-02  1.960E-01  2.189E+01  1.066E+01  3.351E-03  1.791E-04  1.875E+01  1.560E-02  2.349E+00  9.986E-01
    47  3.344E-02  1.991E-01  2.331E+01  1.083E+01  3.500E-03  1.688E-04  2.079E+01  1.692E-02  2.452E+00  9.986E-01
    48  3.560E-02  2.023E-01  2.481E+01  1.100E+01  3.651E-03  1.594E-04  2.297E+01  1.830E-02  2.560E+00  9.986E-01
    49  3.788E-02  2.055E-01  2.640E+01  1.118E+01  3.807E-03  1.508E-04  2.530E+01  1.975E-02  2.673E+00  9.986E-01
    50  4.030E-02  2.087E-01  2.809E+01  1.135E+01  3.966E-03  1.431E-04  2.778E+01  2.125E-02  2.791E+00  9.986E-01
    51  4.287E-02  2.119E-01  2.988E+01  1.152E+01  4.129E-03  1.360E-04  3.043E+01  2.280E-02  2.915E+00  9.986E-01
    52  4.559E-02  2.151E-01  3.177E+01  1.170E+01  4.297E-03  1.296E-04  3.324E+01  2.442E-02  3.046E+00  9.986E-01
    53  4.847E-02  2.185E-01  3.378E+01  1.188E+01  4.469E-03  1.237E-04  3.621E+01  2.609E-02  3.183E+00  9.986E-01
    54  5.152E-02  2.218E-01  3.591E+01  1.206E+01  4.646E-03  1.183E-04  3.935E+01  2.780E-02  3.328E+00  9.986E-01
    55  5.476E-02  2.253E-01  3.817E+01  1.225E+01  4.828E-03  1.134E-04  4.267E+01  2.957E-02  3.480E+00  9.986E-01
    56  5.820E-02  2.288E-01  4.056E+01  1.244E+01  5.015E-03  1.089E-04  4.615E+01  3.138E-02  3.639E+00  9.986E-01
    57  6.184E-02  2.324E-01  4.310E+01  1.264E+01  5.208E-03  1.048E-04  4.981E+01  3.323E-02  3.807E+00  9.986E-01
    58  6.569E-02  2.361E-01  4.579E+01  1.284E+01  5.407E-03  1.011E-04  5.363E+01  3.512E-02  3.984E+00  9.986E-01
    59  6.978E-02  2.400E-01  4.864E+01  1.305E+01  5.612E-03  9.763E-05  5.762E+01  3.704E-02  4.169E+00  9.986E-01
    60  7.412E-02  2.439E-01  5.166E+01  1.327E+01  5.824E-03  9.450E-05  6.178E+01  3.898E-02  4.364E+00  9.986E-01
    61  7.871E-02  2.480E-01  5.486E+01  1.349E+01  6.042E-03  9.164E-05  6.610E+01  4.095E-02  4.569E+00  9.986E-01
    62  8.358E-02  2.523E-01  5.826E+01  1.372E+01  6.268E-03  8.904E-05  7.057E+01  4.292E-02  4.784E+00  9.986E-01
    63  8.874E-02  2.568E-01  6.186E+01  1.396E+01  6.501E-03  8.669E-05  7.518E+01  4.490E-02  5.009E+00  9.986E-01
    64  9.422E-02  2.614E-01  6.567E+01  1.422E+01  6.741E-03  8.455E-05  7.993E+01  4.688E-02  5.246E+00  9.986E-01
    65  1.000E-01  2.662E-01  6.972E+01  1.448E+01  6.989E-03  8.263E-05  8.479E+01  4.884E-02  5.493E+00  9.986E-01
    66  1.062E-01  2.713E-01  7.400E+01  1.476E+01  7.246E-03  8.091E-05  8.977E+01  5.079E-02  5.751E+00  9.986E-01
    67  1.127E-01  2.766E-01  7.854E+01  1.504E+01  7.510E-03  7.938E-05  9.484E+01  5.270E-02  6.021E+00  9.986E-01
    68  1.196E-01  2.822E-01  8.336E+01  1.535E+01  7.782E-03  7.803E-05  9.999E+01  5.458E-02  6.303E+00  9.986E-01
    69  1.269E-01  2.881E-01  8.846E+01  1.567E+01  8.063E-03  7.684E-05  1.052E+02  5.641E-02  6.596E+00  9.986E-01
    70  1.347E-01  2.944E-01  9.387E+01  1.601E+01  8.352E-03  7.583E-05  1.104E+02  5.818E-02  6.901E+00  9.986E-01
    71  1.429E-01  3.009E-01  9.961E+01  1.637E+01  8.649E-03  7.496E-05  1.157E+02  5.989E-02  7.216E+00  9.986E-01
    72  1.516E-01  3.079E-01  1.057E+02  1.675E+01  8.953E-03  7.425E-05  1.209E+02  6.152E-02  7.543E+00  9.986E-01
    73  1.609E-01  3.153E-01  1.121E+02  1.715E+01  9.265E-03  7.368E-05  1.261E+02  6.307E-02  7.880E+00  9.986E-01
    74  1.707E-01  3.232E-01  1.190E+02  1.757E+01  9.582E-03  7.324E-05  1.312E+02  6.452E-02  8.226E+00  9.986E-01
    75  1.811E-01  3.315E-01  1.262E+02  1.803E+01  9.905E-03  7.294E-05  1.361E+02  6.587E-02  8.580E+00  9.986E-01
    76  1.921E-01  3.404E-01  1.339E+02  1.851E+01  1.023E-02  7.277E-05  1.410E+02  6.710E-02  8.941E+00  9.986E-01
    77  2.037E-01  3.500E-01  1.420E+02  1.903E+01  1.056E-02  7.271E-05  1.456E+02  6.822E-02  9.306E+00  9.986E-01
    78  2.161E-01  3.601E-01  1.506E+02  1.959E+01  1.089E-02  7.277E-05  1.500E+02  6.922E-02  9.674E+00  9.986E-01
    79  2.292E-01  3.710E-01  1.598E+02  2.018E+01  1.121E-02  7.294E-05  1.541E+02  7.009E-02  1.004E+01  9.986E-01
    80  2.431E-01  3.827E-01  1.695E+02  2.081E+01  1.153E-02  7.320E-05  1.579E+02  7.082E-02  1.040E+01  9.986E-01
    81  2.579E-01  3.952E-01  1.797E+02  2.149E+01  1.184E-02  7.354E-05  1.613E+02  7.141E-02  1.076E+01  9.986E-01
    82  2.735E-01  4.087E-01  1.906E+02  2.222E+01  1.212E-02  7.397E-05  1.643E+02  7.186E-02  1.110E+01  9.985E-01
    83  2.900E-01  4.231E-01  2.022E+02  2.301E+01  1.239E-02  7.445E-05  1.668E+02  7.217E-02  1.142E+01  9.985E-01
    84  3.076E-01  4.386E-01  2.144E+02  2.385E+01  1.262E-02  7.499E-05  1.688E+02  7.233E-02  1.171E+01  9.985E-01
    85  3.262E-01  4.553E-01  2.274E+02  2.476E+01  1.281E-02  7.554E-05  1.701E+02  7.234E-02  1.197E+01  9.985E-01
    86  3.459E-01  4.732E-01  2.411E+02  2.573E+01  1.296E-02  7.611E-05  1.707E+02  7.220E-02  1.218E+01  9.985E-01
    87  3.668E-01  4.924E-01  2.557E+02  2.678E+01  1.303E-02  7.664E-05  1.705E+02  7.191E-02  1.233E+01  9.985E-01
    88  3.890E-01  5.131E-01  2.711E+02  2.790E+01  1.303E-02  7.712E-05  1.694E+02  7.145E-02  1.240E+01  9.985E-01
    89  4.124E-01  5.352E-01  2.875E+02  2.911E+01  1.294E-02  7.750E-05  1.673E+02  7.084E-02  1.239E+01  9.985E-01
    90  4.373E-01  5.590E-01  3.048E+02  3.040E+01  1.273E-02  7.774E-05  1.642E+02  7.006E-02  1.228E+01  9.985E-01
    91  4.637E-01  5.844E-01  3.232E+02  3.178E+01  1.240E-02  7.779E-05  1.598E+02  6.909E-02  1.205E+01  9.985E-01
    92  4.917E-01  6.115E-01  3.427E+02  3.325E+01  1.192E-02  7.757E-05  1.540E+02  6.793E-02  1.167E+01  9.985E-01
    93  5.213E-01  6.404E-01  3.634E+02  3.482E+01  1.128E-02  7.705E-05  1.468E+02  6.653E-02  1.114E+01  9.985E-01
    94  5.528E-01  6.709E-01  3.853E+02  3.648E+01  1.047E-02  7.615E-05  1.378E+02  6.486E-02  1.043E+01  9.985E-01
    95  5.861E-01  7.031E-01  4.085E+02  3.823E+01  9.489E-03  7.486E-05  1.271E+02  6.282E-02  9.539E+00  9.985E-01
    96  6.214E-01  7.369E-01  4.331E+02  4.007E+01  8.350E-03  7.317E-05  1.142E+02  6.029E-02  8.471E+00  9.985E-01
    97  6.588E-01  7.722E-01  4.592E+02  4.199E+01  7.077E-03  7.119E-05  9.839E+01  5.705E-02  7.179E+00  9.985E-01
    98  6.985E-01  8.090E-01  4.869E+02  4.399E+01  5.726E-03  6.931E-05  8.139E+01  5.270E-02  5.808E+00  9.986E-01
    99  7.405E-01  8.469E-01  5.162E+02  4.605E+01  4.373E-03  6.839E-05  6.275E+01  4.668E-02  4.435E+00  9.987E-01
   100  7.851E-01  8.875E-01  5.473E+02  4.825E+01  3.015E-03  6.944E-05  4.110E+01  3.818E-02  3.058E+00  9.988E-01
   101  8.324E-01  9.347E-01  5.802E+02  5.082E+01  1.414E-03  6.784E-05  1.945E+01  2.676E-02  1.434E+00  9.992E-01
   102  8.825E-01  9.791E-01  6.152E+02  5.324E+01  2.902E-04  5.610E-05  5.176E+00  1.466E-02  2.481E-01  9.997E-01
   103  9.357E-01  9.965E-01  6.522E+02  5.418E+01  3.212E-05  4.933E-05  6.512E-01  5.546E-03  9.887E-03  9.999E-01
   104  9.921E-01  9.996E-01  6.915E+02  5.435E+01  2.494E-06  4.845E-05  5.148E-02  1.573E-03  1.258E-04  1.000E+00
   105  1.052E+00  1.000E+00  7.332E+02  5.437E+01  9.219E-08  4.841E-05  1.905E-03  3.028E-04  5.462E-07  1.000E+00
   106  1.115E+00  1.000E+00  7.773E+02  5.437E+01  9.219E-08  4.841E-05  1.905E-03  3.028E-04  5.129E-08  1.000E+00
   107  1.182E+00  1.000E+00  8.241E+02  5.437E+01  9.219E-08  4.841E-05  1.905E-03  3.028E-04  2.651E-09  1.000E+00


  Disk file "OUTPUT.DAT" written at MSTART = 109


  Disk files PROFIL.DAT, WALL.DAT and PROFIL2C.DAT written at MSTART = 109
